Configuring aeson-0.8.0.0...
Building aeson-0.8.0.0...
Preprocessing library aeson-0.8.0.0...
[ 1 of 13] Compiling Data.Aeson.Types.Internal ( Data/Aeson/Types/Internal.hs, dist/dist-sandbox-1c57bf19/build/Data/Aeson/Types/Internal.o )
[ 2 of 13] Compiling Data.Aeson.Types.Class ( Data/Aeson/Types/Class.hs, dist/dist-sandbox-1c57bf19/build/Data/Aeson/Types/Class.o )
[ 3 of 13] Compiling Data.Aeson.Functions ( Data/Aeson/Functions.hs, dist/dist-sandbox-1c57bf19/build/Data/Aeson/Functions.o )
[ 4 of 13] Compiling Data.Aeson.Types.Instances ( Data/Aeson/Types/Instances.hs, dist/dist-sandbox-1c57bf19/build/Data/Aeson/Types/Instances.o )

Data/Aeson/Types/Instances.hs:60:1: Warning:
    Module ‘Data.Attoparsec.Number’ is deprecated:
      This module will be removed in the next major release.

Data/Aeson/Types/Instances.hs:174:17: Warning:
    In the use of type constructor or class ‘Number’
    (imported from Data.Attoparsec.Number):
    Deprecated: "This module will be removed in the next major release."

Data/Aeson/Types/Instances.hs:175:13: Warning:
    In the use of data constructor ‘D’
    (imported from Data.Attoparsec.Number):
    Deprecated: "This module will be removed in the next major release."

Data/Aeson/Types/Instances.hs:176:13: Warning:
    In the use of data constructor ‘I’
    (imported from Data.Attoparsec.Number):
    Deprecated: "This module will be removed in the next major release."

Data/Aeson/Types/Instances.hs:179:19: Warning:
    In the use of type constructor or class ‘Number’
    (imported from Data.Attoparsec.Number):
    Deprecated: "This module will be removed in the next major release."

Data/Aeson/Types/Instances.hs:181:34: Warning:
    In the use of data constructor ‘D’
    (imported from Data.Attoparsec.Number):
    Deprecated: "This module will be removed in the next major release."

Data/Aeson/Types/Instances.hs:1046:26: Warning:
    In the use of type constructor or class ‘Number’
    (imported from Data.Attoparsec.Number):
    Deprecated: "This module will be removed in the next major release."

Data/Aeson/Types/Instances.hs:1141:37: Warning:
    In the use of type constructor or class ‘Number’
    (imported from Data.Attoparsec.Number):
    Deprecated: "This module will be removed in the next major release."

Data/Aeson/Types/Instances.hs:1143:19: Warning:
    In the use of data constructor ‘D’
    (imported from Data.Attoparsec.Number):
    Deprecated: "This module will be removed in the next major release."

Data/Aeson/Types/Instances.hs:1144:19: Warning:
    In the use of data constructor ‘I’
    (imported from Data.Attoparsec.Number):
    Deprecated: "This module will be removed in the next major release."
[ 5 of 13] Compiling Data.Aeson.Types.Generic ( Data/Aeson/Types/Generic.hs, dist/dist-sandbox-1c57bf19/build/Data/Aeson/Types/Generic.o )
[ 6 of 13] Compiling Data.Aeson.Types ( Data/Aeson/Types.hs, dist/dist-sandbox-1c57bf19/build/Data/Aeson/Types.o )
[ 7 of 13] Compiling Data.Aeson.Encode.ByteString ( Data/Aeson/Encode/ByteString.hs, dist/dist-sandbox-1c57bf19/build/Data/Aeson/Encode/ByteString.o )
[ 8 of 13] Compiling Data.Aeson.Parser.Internal ( Data/Aeson/Parser/Internal.hs, dist/dist-sandbox-1c57bf19/build/Data/Aeson/Parser/Internal.o )

Data/Aeson/Parser/Internal.hs:36:1: Warning:
    Module ‘Data.Attoparsec.Char8’ is deprecated:
      This module will be removed in the next major release.

Data/Aeson/Parser/Internal.hs:46:1: Warning:
    Module ‘Data.Attoparsec’ is deprecated:
      This module will be removed in the next major release.
[ 9 of 13] Compiling Data.Aeson.Parser ( Data/Aeson/Parser.hs, dist/dist-sandbox-1c57bf19/build/Data/Aeson/Parser.o )
[10 of 13] Compiling Data.Aeson.Encode ( Data/Aeson/Encode.hs, dist/dist-sandbox-1c57bf19/build/Data/Aeson/Encode.o )
[11 of 13] Compiling Data.Aeson.Generic ( Data/Aeson/Generic.hs, dist/dist-sandbox-1c57bf19/build/Data/Aeson/Generic.o )

Data/Aeson/Generic.hs:35:1: Warning:
    Module ‘Data.Attoparsec.Number’ is deprecated:
      This module will be removed in the next major release.

Data/Aeson/Generic.hs:104:32: Warning:
    In the use of type constructor or class ‘Number’
    (imported from Data.Attoparsec.Number):
    Deprecated: "This module will be removed in the next major release."

Data/Aeson/Generic.hs:201:33: Warning:
    In the use of type constructor or class ‘Number’
    (imported from Data.Attoparsec.Number):
    Deprecated: "This module will be removed in the next major release."
[12 of 13] Compiling Data.Aeson       ( Data/Aeson.hs, dist/dist-sandbox-1c57bf19/build/Data/Aeson.o )
[13 of 13] Compiling Data.Aeson.TH    ( Data/Aeson/TH.hs, dist/dist-sandbox-1c57bf19/build/Data/Aeson/TH.o )
In-place registering aeson-0.8.0.0...
Creating package registration file: /tmp/pkgConf-aeson-0.8.028638.0
Installing library in
/home/whitehead/workspace/haskell/.cabal-sandbox/lib/x86_64-linux-ghc-7.8.3/aeson-0.8.0.0
Registering aeson-0.8.0.0...
