Configuring asn1-encoding-0.8.1.3...
Building asn1-encoding-0.8.1.3...
Preprocessing library asn1-encoding-0.8.1.3...
[ 1 of 12] Compiling Data.ASN1.Get    ( Data/ASN1/Get.hs, dist/dist-sandbox-1c57bf19/build/Data/ASN1/Get.o )
[ 2 of 12] Compiling Data.ASN1.Internal ( Data/ASN1/Internal.hs, dist/dist-sandbox-1c57bf19/build/Data/ASN1/Internal.o )
[ 3 of 12] Compiling Data.ASN1.Serialize ( Data/ASN1/Serialize.hs, dist/dist-sandbox-1c57bf19/build/Data/ASN1/Serialize.o )
[ 4 of 12] Compiling Data.ASN1.Object ( Data/ASN1/Object.hs, dist/dist-sandbox-1c57bf19/build/Data/ASN1/Object.o )
[ 5 of 12] Compiling Data.ASN1.BinaryEncoding.Writer ( Data/ASN1/BinaryEncoding/Writer.hs, dist/dist-sandbox-1c57bf19/build/Data/ASN1/BinaryEncoding/Writer.o )
[ 6 of 12] Compiling Data.ASN1.Stream ( Data/ASN1/Stream.hs, dist/dist-sandbox-1c57bf19/build/Data/ASN1/Stream.o )
[ 7 of 12] Compiling Data.ASN1.Error  ( Data/ASN1/Error.hs, dist/dist-sandbox-1c57bf19/build/Data/ASN1/Error.o )
[ 8 of 12] Compiling Data.ASN1.Encoding ( Data/ASN1/Encoding.hs, dist/dist-sandbox-1c57bf19/build/Data/ASN1/Encoding.o )
[ 9 of 12] Compiling Data.ASN1.BinaryEncoding.Parse ( Data/ASN1/BinaryEncoding/Parse.hs, dist/dist-sandbox-1c57bf19/build/Data/ASN1/BinaryEncoding/Parse.o )
[10 of 12] Compiling Data.ASN1.BinaryEncoding.Raw ( Data/ASN1/BinaryEncoding/Raw.hs, dist/dist-sandbox-1c57bf19/build/Data/ASN1/BinaryEncoding/Raw.o )
[11 of 12] Compiling Data.ASN1.Prim   ( Data/ASN1/Prim.hs, dist/dist-sandbox-1c57bf19/build/Data/ASN1/Prim.o )
[12 of 12] Compiling Data.ASN1.BinaryEncoding ( Data/ASN1/BinaryEncoding.hs, dist/dist-sandbox-1c57bf19/build/Data/ASN1/BinaryEncoding.o )
In-place registering asn1-encoding-0.8.1.3...
Creating package registration file: /tmp/pkgConf-asn1-encoding-0.8.128638.3
Installing library in
/home/whitehead/workspace/haskell/.cabal-sandbox/lib/x86_64-linux-ghc-7.8.3/asn1-encoding-0.8.1.3
Registering asn1-encoding-0.8.1.3...
