Configuring crypto-cipher-types-0.0.9...
Building crypto-cipher-types-0.0.9...
Preprocessing library crypto-cipher-types-0.0.9...
[ 1 of 10] Compiling Crypto.Cipher.Types.Utils ( Crypto/Cipher/Types/Utils.hs, dist/dist-sandbox-1c57bf19/build/Crypto/Cipher/Types/Utils.o )
[ 2 of 10] Compiling Crypto.Cipher.Types.GF ( Crypto/Cipher/Types/GF.hs, dist/dist-sandbox-1c57bf19/build/Crypto/Cipher/Types/GF.o )
[ 3 of 10] Compiling Crypto.Cipher.Types.Base ( Crypto/Cipher/Types/Base.hs, dist/dist-sandbox-1c57bf19/build/Crypto/Cipher/Types/Base.o )
[ 4 of 10] Compiling Crypto.Cipher.Types.Block ( Crypto/Cipher/Types/Block.hs, dist/dist-sandbox-1c57bf19/build/Crypto/Cipher/Types/Block.o )

Crypto/Cipher/Types/Block.hs:38:1: Warning:
    The import of ‘Bits’ from module ‘Data.Bits’ is redundant
[ 5 of 10] Compiling Crypto.Cipher.Types.BlockIO ( Crypto/Cipher/Types/BlockIO.hs, dist/dist-sandbox-1c57bf19/build/Crypto/Cipher/Types/BlockIO.o )
[ 6 of 10] Compiling Crypto.Cipher.Types.Unsafe ( Crypto/Cipher/Types/Unsafe.hs, dist/dist-sandbox-1c57bf19/build/Crypto/Cipher/Types/Unsafe.o )
[ 7 of 10] Compiling Crypto.Cipher.Types.OfIO ( Crypto/Cipher/Types/OfIO.hs, dist/dist-sandbox-1c57bf19/build/Crypto/Cipher/Types/OfIO.o )
[ 8 of 10] Compiling Crypto.Cipher.Types.Stream ( Crypto/Cipher/Types/Stream.hs, dist/dist-sandbox-1c57bf19/build/Crypto/Cipher/Types/Stream.o )
[ 9 of 10] Compiling Crypto.Cipher.Types.AEAD ( Crypto/Cipher/Types/AEAD.hs, dist/dist-sandbox-1c57bf19/build/Crypto/Cipher/Types/AEAD.o )
[10 of 10] Compiling Crypto.Cipher.Types ( Crypto/Cipher/Types.hs, dist/dist-sandbox-1c57bf19/build/Crypto/Cipher/Types.o )
In-place registering crypto-cipher-types-0.0.9...
Creating package registration file:
/tmp/pkgConf-crypto-cipher-types-0.028638.9
Installing library in
/home/whitehead/workspace/haskell/.cabal-sandbox/lib/x86_64-linux-ghc-7.8.3/crypto-cipher-types-0.0.9
Registering crypto-cipher-types-0.0.9...
