Configuring exceptions-0.6.1...
Building exceptions-0.6.1...
Preprocessing library exceptions-0.6.1...
[1 of 2] Compiling Control.Monad.Catch ( src/Control/Monad/Catch.hs, dist/dist-sandbox-1c57bf19/build/Control/Monad/Catch.o )

src/Control/Monad/Catch.hs:92:1: Warning:
    Module ‘Control.Monad.Trans.Error’ is deprecated:
      Use Control.Monad.Trans.Except instead

src/Control/Monad/Catch.hs:99:1: Warning:
    The import of ‘Control.Monad.Trans.Reader’ is redundant
      except perhaps to import instances from ‘Control.Monad.Trans.Reader’
    To import instances alone, use: import Control.Monad.Trans.Reader()

src/Control/Monad/Catch.hs:294:11: Warning:
    In the use of type constructor or class ‘Error’
    (imported from Control.Monad.Trans.Error):
    Deprecated: "Use Control.Monad.Trans.Except instead"

src/Control/Monad/Catch.hs:294:49: Warning:
    In the use of type constructor or class ‘ErrorT’
    (imported from Control.Monad.Trans.Error):
    Deprecated: "Use Control.Monad.Trans.Except instead"

src/Control/Monad/Catch.hs:297:11: Warning:
    In the use of type constructor or class ‘Error’
    (imported from Control.Monad.Trans.Error):
    Deprecated: "Use Control.Monad.Trans.Except instead"

src/Control/Monad/Catch.hs:297:49: Warning:
    In the use of type constructor or class ‘ErrorT’
    (imported from Control.Monad.Trans.Error):
    Deprecated: "Use Control.Monad.Trans.Except instead"

src/Control/Monad/Catch.hs:298:10: Warning:
    In the use of data constructor ‘ErrorT’
    (imported from Control.Monad.Trans.Error):
    Deprecated: "Use Control.Monad.Trans.Except instead"

src/Control/Monad/Catch.hs:298:24: Warning:
    In the use of data constructor ‘ErrorT’
    (imported from Control.Monad.Trans.Error):
    Deprecated: "Use Control.Monad.Trans.Except instead"

src/Control/Monad/Catch.hs:298:42: Warning:
    In the use of ‘runErrorT’
    (imported from Control.Monad.Trans.Error):
    Deprecated: "Use Control.Monad.Trans.Except instead"
[2 of 2] Compiling Control.Monad.Catch.Pure ( src/Control/Monad/Catch/Pure.hs, dist/dist-sandbox-1c57bf19/build/Control/Monad/Catch/Pure.o )
In-place registering exceptions-0.6.1...
Creating package registration file: /tmp/pkgConf-exceptions-0.628638.1
Installing library in
/home/whitehead/workspace/haskell/.cabal-sandbox/lib/x86_64-linux-ghc-7.8.3/exceptions-0.6.1
Registering exceptions-0.6.1...
