Configuring http-client-0.4.0...
Building http-client-0.4.0...
Preprocessing library http-client-0.4.0...
[ 1 of 13] Compiling Network.HTTP.Client.Util ( Network/HTTP/Client/Util.hs, dist/dist-sandbox-1c57bf19/build/Network/HTTP/Client/Util.o )
[ 2 of 13] Compiling Network.HTTP.Client.Types ( Network/HTTP/Client/Types.hs, dist/dist-sandbox-1c57bf19/build/Network/HTTP/Client/Types.o )
[ 3 of 13] Compiling Network.HTTP.Client.Connection ( Network/HTTP/Client/Connection.hs, dist/dist-sandbox-1c57bf19/build/Network/HTTP/Client/Connection.o )
[ 4 of 13] Compiling Network.HTTP.Client.Headers ( Network/HTTP/Client/Headers.hs, dist/dist-sandbox-1c57bf19/build/Network/HTTP/Client/Headers.o )
[ 5 of 13] Compiling Network.HTTP.Client.Request ( Network/HTTP/Client/Request.hs, dist/dist-sandbox-1c57bf19/build/Network/HTTP/Client/Request.o )
[ 6 of 13] Compiling Network.HTTP.Client.Manager ( Network/HTTP/Client/Manager.hs, dist/dist-sandbox-1c57bf19/build/Network/HTTP/Client/Manager.o )
[ 7 of 13] Compiling Network.HTTP.Client.Body ( Network/HTTP/Client/Body.hs, dist/dist-sandbox-1c57bf19/build/Network/HTTP/Client/Body.o )
[ 8 of 13] Compiling Network.HTTP.Client.Response ( Network/HTTP/Client/Response.hs, dist/dist-sandbox-1c57bf19/build/Network/HTTP/Client/Response.o )
[ 9 of 13] Compiling Network.HTTP.Client.Cookies ( Network/HTTP/Client/Cookies.hs, dist/dist-sandbox-1c57bf19/build/Network/HTTP/Client/Cookies.o )
[10 of 13] Compiling Network.HTTP.Client.Core ( Network/HTTP/Client/Core.hs, dist/dist-sandbox-1c57bf19/build/Network/HTTP/Client/Core.o )
[11 of 13] Compiling Network.HTTP.Client.Internal ( Network/HTTP/Client/Internal.hs, dist/dist-sandbox-1c57bf19/build/Network/HTTP/Client/Internal.o )
[12 of 13] Compiling Network.HTTP.Client ( Network/HTTP/Client.hs, dist/dist-sandbox-1c57bf19/build/Network/HTTP/Client.o )
[13 of 13] Compiling Network.HTTP.Client.MultipartFormData ( Network/HTTP/Client/MultipartFormData.hs, dist/dist-sandbox-1c57bf19/build/Network/HTTP/Client/MultipartFormData.o )
In-place registering http-client-0.4.0...
Creating package registration file: /tmp/pkgConf-http-client-0.428638.0
Installing library in
/home/whitehead/workspace/haskell/.cabal-sandbox/lib/x86_64-linux-ghc-7.8.3/http-client-0.4.0
Registering http-client-0.4.0...
