Configuring tls-1.2.9...
Building tls-1.2.9...
Preprocessing library tls-1.2.9...
[ 1 of 47] Compiling Network.TLS.Util.ASN1 ( Network/TLS/Util/ASN1.hs, dist/dist-sandbox-1c57bf19/build/Network/TLS/Util/ASN1.o )
[ 2 of 47] Compiling Network.TLS.RNG  ( Network/TLS/RNG.hs, dist/dist-sandbox-1c57bf19/build/Network/TLS/RNG.o )
[ 3 of 47] Compiling Network.TLS.MAC  ( Network/TLS/MAC.hs, dist/dist-sandbox-1c57bf19/build/Network/TLS/MAC.o )
[ 4 of 47] Compiling Network.TLS.Util.Serialization ( Network/TLS/Util/Serialization.hs, dist/dist-sandbox-1c57bf19/build/Network/TLS/Util/Serialization.o )
[ 5 of 47] Compiling Network.TLS.Crypto.DH ( Network/TLS/Crypto/DH.hs, dist/dist-sandbox-1c57bf19/build/Network/TLS/Crypto/DH.o )
[ 6 of 47] Compiling Network.TLS.Types ( Network/TLS/Types.hs, dist/dist-sandbox-1c57bf19/build/Network/TLS/Types.o )
[ 7 of 47] Compiling Network.TLS.X509 ( Network/TLS/X509.hs, dist/dist-sandbox-1c57bf19/build/Network/TLS/X509.o )
[ 8 of 47] Compiling Network.TLS.Session ( Network/TLS/Session.hs, dist/dist-sandbox-1c57bf19/build/Network/TLS/Session.o )
[ 9 of 47] Compiling Network.TLS.Measurement ( Network/TLS/Measurement.hs, dist/dist-sandbox-1c57bf19/build/Network/TLS/Measurement.o )
[10 of 47] Compiling Network.TLS.Crypto ( Network/TLS/Crypto.hs, dist/dist-sandbox-1c57bf19/build/Network/TLS/Crypto.o )
[11 of 47] Compiling Network.TLS.Struct ( Network/TLS/Struct.hs, dist/dist-sandbox-1c57bf19/build/Network/TLS/Struct.o )

Network/TLS/Struct.hs:59:1: Warning:
    Module ‘Control.Monad.Error’ is deprecated:
      Use Control.Monad.Except instead

Network/TLS/Struct.hs:132:10: Warning:
    In the use of type constructor or class ‘Error’
    (imported from Control.Monad.Error, but defined in transformers-0.4.1.0:Control.Monad.Trans.Error):
    Deprecated: "Use Control.Monad.Trans.Except instead"

Network/TLS/Struct.hs:132:10: Warning:
    In the use of type constructor or class ‘Error’
    (imported from Control.Monad.Error, but defined in transformers-0.4.1.0:Control.Monad.Trans.Error):
    Deprecated: "Use Control.Monad.Trans.Except instead"
[12 of 47] Compiling Network.TLS.Hooks ( Network/TLS/Hooks.hs, dist/dist-sandbox-1c57bf19/build/Network/TLS/Hooks.o )
[13 of 47] Compiling Network.TLS.Credentials ( Network/TLS/Credentials.hs, dist/dist-sandbox-1c57bf19/build/Network/TLS/Credentials.o )
[14 of 47] Compiling Network.TLS.Wire ( Network/TLS/Wire.hs, dist/dist-sandbox-1c57bf19/build/Network/TLS/Wire.o )

Network/TLS/Wire.hs:53:1: Warning:
    Module ‘Control.Monad.Error’ is deprecated:
      Use Control.Monad.Except instead
[15 of 47] Compiling Network.TLS.Cap  ( Network/TLS/Cap.hs, dist/dist-sandbox-1c57bf19/build/Network/TLS/Cap.o )
[16 of 47] Compiling Network.TLS.State ( Network/TLS/State.hs, dist/dist-sandbox-1c57bf19/build/Network/TLS/State.o )

Network/TLS/State.hs:57:1: Warning:
    Module ‘Control.Monad.Error’ is deprecated:
      Use Control.Monad.Except instead

Network/TLS/State.hs:77:39: Warning:
    In the use of type constructor or class ‘ErrorT’
    (imported from Control.Monad.Error, but defined in transformers-0.4.1.0:Control.Monad.Trans.Error):
    Deprecated: "Use Control.Monad.Trans.Except instead"

Network/TLS/State.hs:88:30: Warning:
    In the use of ‘runErrorT’
    (imported from Control.Monad.Error, but defined in transformers-0.4.1.0:Control.Monad.Trans.Error):
    Deprecated: "Use Control.Monad.Trans.Except instead"
[17 of 47] Compiling Network.TLS.Util ( Network/TLS/Util.hs, dist/dist-sandbox-1c57bf19/build/Network/TLS/Util.o )
[18 of 47] Compiling Network.TLS.Extension ( Network/TLS/Extension.hs, dist/dist-sandbox-1c57bf19/build/Network/TLS/Extension.o )
[19 of 47] Compiling Network.TLS.Backend ( Network/TLS/Backend.hs, dist/dist-sandbox-1c57bf19/build/Network/TLS/Backend.o )
[20 of 47] Compiling Network.TLS.Cipher ( Network/TLS/Cipher.hs, dist/dist-sandbox-1c57bf19/build/Network/TLS/Cipher.o )
[21 of 47] Compiling Network.TLS.Packet ( Network/TLS/Packet.hs, dist/dist-sandbox-1c57bf19/build/Network/TLS/Packet.o )
[22 of 47] Compiling Network.TLS.Compression ( Network/TLS/Compression.hs, dist/dist-sandbox-1c57bf19/build/Network/TLS/Compression.o )
[23 of 47] Compiling Network.TLS.Parameters ( Network/TLS/Parameters.hs, dist/dist-sandbox-1c57bf19/build/Network/TLS/Parameters.o )
[24 of 47] Compiling Network.TLS.Record.State ( Network/TLS/Record/State.hs, dist/dist-sandbox-1c57bf19/build/Network/TLS/Record/State.o )

Network/TLS/Record/State.hs:28:1: Warning:
    Module ‘Control.Monad.Error’ is deprecated:
      Use Control.Monad.Except instead
[25 of 47] Compiling Network.TLS.Record.Types ( Network/TLS/Record/Types.hs, dist/dist-sandbox-1c57bf19/build/Network/TLS/Record/Types.o )
[26 of 47] Compiling Network.TLS.Handshake.State ( Network/TLS/Handshake/State.hs, dist/dist-sandbox-1c57bf19/build/Network/TLS/Handshake/State.o )
[27 of 47] Compiling Network.TLS.Context.Internal ( Network/TLS/Context/Internal.hs, dist/dist-sandbox-1c57bf19/build/Network/TLS/Context/Internal.o )
[28 of 47] Compiling Network.TLS.Handshake.Certificate ( Network/TLS/Handshake/Certificate.hs, dist/dist-sandbox-1c57bf19/build/Network/TLS/Handshake/Certificate.o )
[29 of 47] Compiling Network.TLS.Handshake.Key ( Network/TLS/Handshake/Key.hs, dist/dist-sandbox-1c57bf19/build/Network/TLS/Handshake/Key.o )
[30 of 47] Compiling Network.TLS.Handshake.Process ( Network/TLS/Handshake/Process.hs, dist/dist-sandbox-1c57bf19/build/Network/TLS/Handshake/Process.o )

Network/TLS/Handshake/Process.hs:18:1: Warning:
    Module ‘Control.Monad.Error’ is deprecated:
      Use Control.Monad.Except instead
[31 of 47] Compiling Network.TLS.Handshake.Signature ( Network/TLS/Handshake/Signature.hs, dist/dist-sandbox-1c57bf19/build/Network/TLS/Handshake/Signature.o )
[32 of 47] Compiling Network.TLS.Record.Engage ( Network/TLS/Record/Engage.hs, dist/dist-sandbox-1c57bf19/build/Network/TLS/Record/Engage.o )
[33 of 47] Compiling Network.TLS.Record.Disengage ( Network/TLS/Record/Disengage.hs, dist/dist-sandbox-1c57bf19/build/Network/TLS/Record/Disengage.o )

Network/TLS/Record/Disengage.hs:18:1: Warning:
    Module ‘Control.Monad.Error’ is deprecated:
      Use Control.Monad.Except instead
[34 of 47] Compiling Network.TLS.Record ( Network/TLS/Record.hs, dist/dist-sandbox-1c57bf19/build/Network/TLS/Record.o )
[35 of 47] Compiling Network.TLS.Receiving ( Network/TLS/Receiving.hs, dist/dist-sandbox-1c57bf19/build/Network/TLS/Receiving.o )

Network/TLS/Receiving.hs:18:1: Warning:
    Module ‘Control.Monad.Error’ is deprecated:
      Use Control.Monad.Except instead
[36 of 47] Compiling Network.TLS.Sending ( Network/TLS/Sending.hs, dist/dist-sandbox-1c57bf19/build/Network/TLS/Sending.o )
[37 of 47] Compiling Network.TLS.IO   ( Network/TLS/IO.hs, dist/dist-sandbox-1c57bf19/build/Network/TLS/IO.o )
[38 of 47] Compiling Network.TLS.Handshake.Common ( Network/TLS/Handshake/Common.hs, dist/dist-sandbox-1c57bf19/build/Network/TLS/Handshake/Common.o )
[39 of 47] Compiling Network.TLS.Handshake.Client ( Network/TLS/Handshake/Client.hs, dist/dist-sandbox-1c57bf19/build/Network/TLS/Handshake/Client.o )

Network/TLS/Handshake/Client.hs:36:1: Warning:
    Module ‘Control.Monad.Error’ is deprecated:
      Use Control.Monad.Except instead
[40 of 47] Compiling Network.TLS.Handshake.Server ( Network/TLS/Handshake/Server.hs, dist/dist-sandbox-1c57bf19/build/Network/TLS/Handshake/Server.o )
[41 of 47] Compiling Network.TLS.Handshake ( Network/TLS/Handshake.hs, dist/dist-sandbox-1c57bf19/build/Network/TLS/Handshake.o )
[42 of 47] Compiling Network.TLS.Context ( Network/TLS/Context.hs, dist/dist-sandbox-1c57bf19/build/Network/TLS/Context.o )
[43 of 47] Compiling Network.TLS.Core ( Network/TLS/Core.hs, dist/dist-sandbox-1c57bf19/build/Network/TLS/Core.o )
[44 of 47] Compiling Network.TLS.Internal ( Network/TLS/Internal.hs, dist/dist-sandbox-1c57bf19/build/Network/TLS/Internal.o )
[45 of 47] Compiling Network.TLS      ( Network/TLS.hs, dist/dist-sandbox-1c57bf19/build/Network/TLS.o )
[46 of 47] Compiling Network.TLS.Extra.Cipher ( Network/TLS/Extra/Cipher.hs, dist/dist-sandbox-1c57bf19/build/Network/TLS/Extra/Cipher.o )
[47 of 47] Compiling Network.TLS.Extra ( Network/TLS/Extra.hs, dist/dist-sandbox-1c57bf19/build/Network/TLS/Extra.o )
In-place registering tls-1.2.9...
Creating package registration file: /tmp/pkgConf-tls-1.228638.9
Installing library in
/home/whitehead/workspace/haskell/.cabal-sandbox/lib/x86_64-linux-ghc-7.8.3/tls-1.2.9
Registering tls-1.2.9...
