Configuring x509-1.4.12...
Building x509-1.4.12...
Preprocessing library x509-1.4.12...
[ 1 of 12] Compiling Data.X509.Internal ( Data/X509/Internal.hs, dist/dist-sandbox-1c57bf19/build/Data/X509/Internal.o )
[ 2 of 12] Compiling Data.X509.DistinguishedName ( Data/X509/DistinguishedName.hs, dist/dist-sandbox-1c57bf19/build/Data/X509/DistinguishedName.o )

Data/X509/DistinguishedName.hs:22:1: Warning:
    Module ‘Control.Monad.Error’ is deprecated:
      Use Control.Monad.Except instead
[ 3 of 12] Compiling Data.X509.ExtensionRaw ( Data/X509/ExtensionRaw.hs, dist/dist-sandbox-1c57bf19/build/Data/X509/ExtensionRaw.o )
[ 4 of 12] Compiling Data.X509.Ext    ( Data/X509/Ext.hs, dist/dist-sandbox-1c57bf19/build/Data/X509/Ext.o )

Data/X509/Ext.hs:42:1: Warning:
    Module ‘Control.Monad.Error’ is deprecated:
      Use Control.Monad.Except instead
[ 5 of 12] Compiling Data.X509.AlgorithmIdentifier ( Data/X509/AlgorithmIdentifier.hs, dist/dist-sandbox-1c57bf19/build/Data/X509/AlgorithmIdentifier.o )
[ 6 of 12] Compiling Data.X509.CRL    ( Data/X509/CRL.hs, dist/dist-sandbox-1c57bf19/build/Data/X509/CRL.o )

Data/X509/CRL.hs:20:1: Warning:
    Module ‘Control.Monad.Error’ is deprecated:
      Use Control.Monad.Except instead
[ 7 of 12] Compiling Data.X509.Signed ( Data/X509/Signed.hs, dist/dist-sandbox-1c57bf19/build/Data/X509/Signed.o )
[ 8 of 12] Compiling Data.X509.PublicKey ( Data/X509/PublicKey.hs, dist/dist-sandbox-1c57bf19/build/Data/X509/PublicKey.o )

Data/X509/PublicKey.hs:83:30: Warning:
    This binding for ‘xs’ shadows the existing binding
      bound at Data/X509/PublicKey.hs:48:55
[ 9 of 12] Compiling Data.X509.Cert   ( Data/X509/Cert.hs, dist/dist-sandbox-1c57bf19/build/Data/X509/Cert.o )

Data/X509/Cert.hs:17:1: Warning:
    Module ‘Control.Monad.Error’ is deprecated:
      Use Control.Monad.Except instead
[10 of 12] Compiling Data.X509.CertificateChain ( Data/X509/CertificateChain.hs, dist/dist-sandbox-1c57bf19/build/Data/X509/CertificateChain.o )
[11 of 12] Compiling Data.X509.PrivateKey ( Data/X509/PrivateKey.hs, dist/dist-sandbox-1c57bf19/build/Data/X509/PrivateKey.o )
[12 of 12] Compiling Data.X509        ( Data/X509.hs, dist/dist-sandbox-1c57bf19/build/Data/X509.o )
In-place registering x509-1.4.12...
Creating package registration file: /tmp/pkgConf-x509-1.428638.12
Installing library in
/home/whitehead/workspace/haskell/.cabal-sandbox/lib/x86_64-linux-ghc-7.8.3/x509-1.4.12
Registering x509-1.4.12...
